Determining if the pthread_create exist failed with the following output:
Change Dir: /home/roman/lab12/_build/CMakeFiles/CMakeTmp

Run Build Command:"/usr/bin/make" "cmTC_daa5b/fast"
/usr/bin/make -f CMakeFiles/cmTC_daa5b.dir/build.make CMakeFiles/cmTC_daa5b.dir/build
make[1]: вход в каталог «/home/roman/lab12/_build/CMakeFiles/CMakeTmp»
Building C object CMakeFiles/cmTC_daa5b.dir/CheckSymbolExists.c.o
/usr/bin/cc     -o CMakeFiles/cmTC_daa5b.dir/CheckSymbolExists.c.o   -c /home/roman/lab12/_build/CMakeFiles/CMakeTmp/CheckSymbolExists.c
Linking C executable cmTC_daa5b
/usr/bin/cmake -E cmake_link_script CMakeFiles/cmTC_daa5b.dir/link.txt --verbose=1
/usr/bin/cc       CMakeFiles/cmTC_daa5b.dir/CheckSymbolExists.c.o  -o cmTC_daa5b -rdynamic 
CMakeFiles/cmTC_daa5b.dir/CheckSymbolExists.c.o: In function `main':
CheckSymbolExists.c:(.text+0x16): undefined reference to `pthread_create'
collect2: error: ld returned 1 exit status
CMakeFiles/cmTC_daa5b.dir/build.make:97: ошибка выполнения рецепта для цели «cmTC_daa5b»
make[1]: *** [cmTC_daa5b] Ошибка 1
make[1]: выход из каталога «/home/roman/lab12/_build/CMakeFiles/CMakeTmp»
Makefile:126: ошибка выполнения рецепта для цели «cmTC_daa5b/fast»
make: *** [cmTC_daa5b/fast] Ошибка 2

File /home/roman/lab12/_build/CMakeFiles/CMakeTmp/CheckSymbolExists.c:
/* */
#include <pthread.h>

int main(int argc, char** argv)
{
  (void)argv;
#ifndef pthread_create
  return ((int*)(&pthread_create))[argc];
#else
  (void)argc;
  return 0;
#endif
}

Determining if the function pthread_create exists in the pthreads failed with the following output:
Change Dir: /home/roman/lab12/_build/CMakeFiles/CMakeTmp

Run Build Command:"/usr/bin/make" "cmTC_9535b/fast"
/usr/bin/make -f CMakeFiles/cmTC_9535b.dir/build.make CMakeFiles/cmTC_9535b.dir/build
make[1]: вход в каталог «/home/roman/lab12/_build/CMakeFiles/CMakeTmp»
Building C object CMakeFiles/cmTC_9535b.dir/CheckFunctionExists.c.o
/usr/bin/cc    -DCHECK_FUNCTION_EXISTS=pthread_create   -o CMakeFiles/cmTC_9535b.dir/CheckFunctionExists.c.o   -c /usr/share/cmake-3.5/Modules/CheckFunctionExists.c
Linking C executable cmTC_9535b
/usr/bin/cmake -E cmake_link_script CMakeFiles/cmTC_9535b.dir/link.txt --verbose=1
/usr/bin/cc   -DCHECK_FUNCTION_EXISTS=pthread_create    CMakeFiles/cmTC_9535b.dir/CheckFunctionExists.c.o  -o cmTC_9535b -rdynamic -lpthreads 
/usr/bin/ld: cannot find -lpthreads
collect2: error: ld returned 1 exit status
CMakeFiles/cmTC_9535b.dir/build.make:97: ошибка выполнения рецепта для цели «cmTC_9535b»
make[1]: *** [cmTC_9535b] Ошибка 1
make[1]: выход из каталога «/home/roman/lab12/_build/CMakeFiles/CMakeTmp»
Makefile:126: ошибка выполнения рецепта для цели «cmTC_9535b/fast»
make: *** [cmTC_9535b/fast] Ошибка 2


